<?xml version="1.0" encoding="UTF-8"?>
<!-- Generated by org.testng.reporters.JUnitReportReporter -->
<testsuite hostname="ASUS" name="ebay_Package.Test_ebay_web_Page" tests="1" failures="0" timestamp="10 Jan 2018 08:38:27 GMT" time="44.738" errors="0">
  <testcase name="addproductincart" time="44.738" classname="ebay_Package.Test_ebay_web_Page"/>
</testsuite> <!-- ebay_Package.Test_ebay_web_Page -->
